<?xml version="1.0" encoding="UTF-8"?>
<!-- Generated by org.testng.reporters.JUnitReportReporter -->
<testsuite hostname="HEU-PEDRO-PRADIITA" name="script.LoginTest" tests="5" failures="0" timestamp="14 Nov 2021 22:44:03 GMT" time="57.043" errors="0">
  <testcase name="LoginAlertBelumTerdaftar" time="10.568" classname="script.LoginTest"/>
  <testcase name="HelpLink" time="11.618" classname="script.LoginTest"/>
  <testcase name="LoginAlertInvalid" time="12.283" classname="script.LoginTest"/>
  <testcase name="LoginAlertNull" time="11.114" classname="script.LoginTest"/>
  <testcase name="ForgotLink" time="11.460" classname="script.LoginTest"/>
</testsuite> <!-- script.LoginTest -->
