<?xml version="1.0" encoding="UTF-8"?>
<!-- Generated by org.testng.reporters.JUnitReportReporter -->
<testsuite hostname="HEU-PEDRO-PRADIITA" name="script.HomeTest" tests="2" failures="0" timestamp="14 Nov 2021 22:44:03 GMT" time="22.806" errors="0">
  <testcase name="Banner" time="11.625" classname="script.HomeTest"/>
  <testcase name="SpecialCard" time="11.181" classname="script.HomeTest"/>
</testsuite> <!-- script.HomeTest -->
